<?xml version="1.0" encoding="UTF-8"?>
<testng-results ignored="0" total="1" passed="1" failed="0" skipped="0">
  <reporter-output>
  </reporter-output>
  <suite started-at="2024-03-21T09:43:00 IST" name="Default suite" finished-at="2024-03-21T09:43:05 IST" duration-ms="4258">
    <groups>
    </groups>
    <test started-at="2024-03-21T09:43:00 IST" name="Default test" finished-at="2024-03-21T09:43:05 IST" duration-ms="4258">
      <class name="demoPackage.DemoTest">
        <test-method signature="test1()[pri:0, instance:demoPackage.DemoTest@c8c12ac]" started-at="2024-03-21T09:43:00 IST" name="test1" finished-at="2024-03-21T09:43:05 IST" duration-ms="4139" status="PASS">
          <reporter-output>
          </reporter-output>
        </test-method> <!-- test1 -->
      </class> <!-- demoPackage.DemoTest -->
    </test> <!-- Default test -->
  </suite> <!-- Default suite -->
</testng-results>
